{"/home/eng0404/workspace/TestProjects/test/mochatest/main.js":{"path":"/home/eng0404/workspace/TestProjects/test/mochatest/main.js","s":{"1":1,"2":180,"3":91,"4":89,"5":1,"6":88,"7":1,"8":1,"9":0,"10":0},"b":{"1":[91,89],"2":[180,145],"3":[1,88],"4":[0,1]},"f":{"1":180},"fnMap":{"1":{"name":"fibonacci","line":1,"loc":{"start":{"line":1,"column":0},"end":{"line":1,"column":22}}}},"statementMap":{"1":{"start":{"line":1,"column":0},"end":{"line":9,"column":1}},"2":{"start":{"line":2,"column":4},"end":{"line":4,"column":5}},"3":{"start":{"line":3,"column":8},"end":{"line":3,"column":17}},"4":{"start":{"line":5,"column":4},"end":{"line":7,"column":5}},"5":{"start":{"line":6,"column":8},"end":{"line":6,"column":41}},"6":{"start":{"line":8,"column":4},"end":{"line":8,"column":41}},"7":{"start":{"line":12,"column":0},"end":{"line":12,"column":29}},"8":{"start":{"line":14,"column":0},"end":{"line":17,"column":1}},"9":{"start":{"line":15,"column":4},"end":{"line":15,"column":36}},"10":{"start":{"line":16,"column":4},"end":{"line":16,"column":56}}},"branchMap":{"1":{"line":2,"type":"if","locations":[{"start":{"line":2,"column":4},"end":{"line":2,"column":4}},{"start":{"line":2,"column":4},"end":{"line":2,"column":4}}]},"2":{"line":2,"type":"binary-expr","locations":[{"start":{"line":2,"column":7},"end":{"line":2,"column":12}},{"start":{"line":2,"column":16},"end":{"line":2,"column":21}}]},"3":{"line":5,"type":"if","locations":[{"start":{"line":5,"column":4},"end":{"line":5,"column":4}},{"start":{"line":5,"column":4},"end":{"line":5,"column":4}}]},"4":{"line":14,"type":"if","locations":[{"start":{"line":14,"column":0},"end":{"line":14,"column":0}},{"start":{"line":14,"column":0},"end":{"line":14,"column":0}}]}}}}